<?xml version="1.0" encoding="UTF-8"?>
<testsuite xmlns:xsi="http://www.w3.org/2001/XMLSchema-instance" xsi:noNamespaceSchemaLocation="https://maven.apache.org/surefire/maven-surefire-plugin/xsd/surefire-test-report.xsd" version="3.0.2" name="TestRunners.BuyFlatTest" time="5.591" tests="3" errors="0" skipped="0" failures="0">
  <properties>
[...]
</properties>
  <testcase name="User on applying filters that is flats within 10000000 should get proper results" classname="Buy flat feature" time="1.35">
    <system-out><![CDATA[
@Smoke
&amp#27;[1mScenario:&amp#27;[22m User on applying filters that is flats within 10000000 should get proper results &amp#27;[90m# file:///home/rocky/Documents/CucumberBDDFramework/src/test/resources/AppFeatures/buy_flat.feature:4&amp#27;[39m
Step 1: User is on 99acres landing page
  &amp#27;[32m✔&amp#27;[39m &amp#27;[32m&amp#27;[1mGiven &amp#27;[22mUser is on &amp#27;[1m"99acres"&amp#27;[22m landing page&amp#27;[39m                                                &amp#27;[90m# StepDefinitions.BuyFlatSteps.userIsOnLandingPage(java.lang.String)&amp#27;[39m
Step 2 : User is searching flats for Andheri location
  &amp#27;[32m✔&amp#27;[39m &amp#27;[32m&amp#27;[1mAnd &amp#27;[22mUser has chosen &amp#27;[1m"Andheri"&amp#27;[22m location&amp#27;[39m                                                 &amp#27;[90m# StepDefinitions.BuyFlatSteps.userHasChosenLocation(java.lang.String)&amp#27;[39m
Step 3 : User is searching for flats within this range : Rs.10000000
  &amp#27;[32m✔&amp#27;[39m &amp#27;[32m&amp#27;[1mWhen &amp#27;[22mUser applies range as Rs. &amp#27;[1m10000000&amp#27;[22m&amp#27;[39m                                                &amp#27;[90m# StepDefinitions.BuyFlatSteps.userAppliesRangeAsRs(int)&amp#27;[39m
Step 4 : User should get proper results in the results page
  &amp#27;[32m✔&amp#27;[39m &amp#27;[32m&amp#27;[1mThen &amp#27;[22mUser should get proper results&amp#27;[39m                                                    &amp#27;[90m# StepDefinitions.BuyFlatSteps.userShouldGetProperResults()&amp#27;[39m
]]></system-out>
  </testcase>
  <testcase name="User on applying filters that is flats within 5000000 should get proper results" classname="Buy flat feature" time="0.014">
    <system-out><![CDATA[
@Sanity
&amp#27;[1mScenario:&amp#27;[22m User on applying filters that is flats within 5000000 should get proper results &amp#27;[90m# file:///home/rocky/Documents/CucumberBDDFramework/src/test/resources/AppFeatures/buy_flat.feature:11&amp#27;[39m
Step 1: User is on FlatZap landing page
  &amp#27;[32m✔&amp#27;[39m &amp#27;[32m&amp#27;[1mGiven &amp#27;[22mUser is on &amp#27;[1m"FlatZap"&amp#27;[22m landing page&amp#27;[39m                                               &amp#27;[90m# StepDefinitions.BuyFlatSteps.userIsOnLandingPage(java.lang.String)&amp#27;[39m
Step 2 : User is searching flats for Bhubaneswar location
  &amp#27;[32m✔&amp#27;[39m &amp#27;[32m&amp#27;[1mAnd &amp#27;[22mUser has chosen &amp#27;[1m"Bhubaneswar"&amp#27;[22m location&amp#27;[39m                                            &amp#27;[90m# StepDefinitions.BuyFlatSteps.userHasChosenLocation(java.lang.String)&amp#27;[39m
Step 3 : User is searching for flats within this range : Rs.5000000
  &amp#27;[32m✔&amp#27;[39m &amp#27;[32m&amp#27;[1mWhen &amp#27;[22mUser applies range as Rs. &amp#27;[1m5000000&amp#27;[22m&amp#27;[39m                                                &amp#27;[90m# StepDefinitions.BuyFlatSteps.userAppliesRangeAsRs(int)&amp#27;[39m
Step 4 : User should get proper results in the results page
  &amp#27;[32m✔&amp#27;[39m &amp#27;[32m&amp#27;[1mThen &amp#27;[22mUser should get proper results&amp#27;[39m                                                   &amp#27;[90m# StepDefinitions.BuyFlatSteps.userShouldGetProperResults()&amp#27;[39m
]]></system-out>
  </testcase>
  <testcase name="User on applying filters that is flats within 7500000 should get proper results" classname="Buy flat feature" time="0.097">
    <system-out><![CDATA[
@Regression
&amp#27;[1mScenario:&amp#27;[22m User on applying filters that is flats within 7500000 should get proper results &amp#27;[90m# file:///home/rocky/Documents/CucumberBDDFramework/src/test/resources/AppFeatures/buy_flat.feature:18&amp#27;[39m
Step 1: User is on book99 landing page
  &amp#27;[32m✔&amp#27;[39m &amp#27;[32m&amp#27;[1mGiven &amp#27;[22mUser is on &amp#27;[1m"book99"&amp#27;[22m landing page&amp#27;[39m                                                &amp#27;[90m# StepDefinitions.BuyFlatSteps.userIsOnLandingPage(java.lang.String)&amp#27;[39m
Step 2 : User is searching flats for Noida location
  &amp#27;[32m✔&amp#27;[39m &amp#27;[32m&amp#27;[1mAnd &amp#27;[22mUser has chosen &amp#27;[1m"Noida"&amp#27;[22m location&amp#27;[39m                                                  &amp#27;[90m# StepDefinitions.BuyFlatSteps.userHasChosenLocation(java.lang.String)&amp#27;[39m
Step 3 : User is searching for flats within this range : Rs.7500000
  &amp#27;[32m✔&amp#27;[39m &amp#27;[32m&amp#27;[1mWhen &amp#27;[22mUser applies range as Rs. &amp#27;[1m7500000&amp#27;[22m&amp#27;[39m                                                &amp#27;[90m# StepDefinitions.BuyFlatSteps.userAppliesRangeAsRs(int)&amp#27;[39m
Step 4 : User should get proper results in the results page
  &amp#27;[32m✔&amp#27;[39m &amp#27;[32m&amp#27;[1mThen &amp#27;[22mUser should get proper results&amp#27;[39m                                                   &amp#27;[90m# StepDefinitions.BuyFlatSteps.userShouldGetProperResults()&amp#27;[39m
]]></system-out>
  </testcase>
</testsuite>