<?xml version="1.0" encoding="UTF-8"?>
<testsuite xmlns:xsi="http://www.w3.org/2001/XMLSchema-instance" xsi:noNamespaceSchemaLocation="https://maven.apache.org/surefire/maven-surefire-plugin/xsd/surefire-test-report.xsd" version="3.0.2" name="TestRunners.UberTest" time="2.892" tests="1" errors="0" skipped="0" failures="0">
  <properties>
[...]
</properties>
  <testcase name="Booking cab" classname="Uber Booking Feature" time="0.576">
    <system-out><![CDATA[
&amp#27;[1mScenario:&amp#27;[22m Booking cab                                                                               &amp#27;[90m# file:///home/rocky/Documents/CucumberBDDFramework/src/test/resources/AppFeatures/uber.feature:2&amp#27;[39m
Step 1 : User wants to select a car of type Sedan
  &amp#27;[32m✔&amp#27;[39m &amp#27;[32m&amp#27;[1mGiven &amp#27;[22mUser wants to select a car of type &amp#27;[1m"Sedan"&amp#27;[22m&amp#27;[39m                                                &amp#27;[90m# StepDefinitions.UberSteps.userWantsToSelectACarOfType(java.lang.String)&amp#27;[39m
Step 2 : User selects car type as Sedan  and pickup location as Bengaluru and drop location as Pune
  &amp#27;[32m✔&amp#27;[39m &amp#27;[32m&amp#27;[1mWhen &amp#27;[22mUser selects car type as &amp#27;[1m"Sedan"&amp#27;[22m and pick up point as &amp#27;[1m"Bengaluru"&amp#27;[22m and drop point as &amp#27;[1m"Pune"&amp#27;[22m&amp#27;[39m &amp#27;[90m# StepDefinitions.UberSteps.userSelectsCarTypeAsAndPickUpPointAsAndDropPointAs(java.lang.String,java.lang.String,java.lang.String)&amp#27;[39m
Step 3 : Driver starts journey
  &amp#27;[32m✔&amp#27;[39m &amp#27;[32m&amp#27;[1mThen &amp#27;[22mDriver starts Journey&amp#27;[39m                                                                      &amp#27;[90m# StepDefinitions.UberSteps.driverStartsJourney()&amp#27;[39m
Step 4 : Driver ends journey
  &amp#27;[32m✔&amp#27;[39m &amp#27;[32m&amp#27;[1mAnd &amp#27;[22mDriver ends journey&amp#27;[39m                                                                         &amp#27;[90m# StepDefinitions.UberSteps.driverEndsJourney()&amp#27;[39m
Step 5 : Users pays an amount of Rs. 1000
  &amp#27;[32m✔&amp#27;[39m &amp#27;[32m&amp#27;[1mThen &amp#27;[22mUser pays Rs. &amp#27;[1m1000&amp#27;[22m&amp#27;[39m                                                                         &amp#27;[90m# StepDefinitions.UberSteps.userPaysRs(java.lang.Integer)&amp#27;[39m
]]></system-out>
  </testcase>
</testsuite>