<?xml version="1.0" encoding="UTF-8"?>
<testsuite xmlns:xsi="http://www.w3.org/2001/XMLSchema-instance" xsi:noNamespaceSchemaLocation="https://maven.apache.org/surefire/maven-surefire-plugin/xsd/surefire-test-report.xsd" version="3.0.2" name="TestRunners.FlightTest" time="0.063" tests="3" errors="0" skipped="0" failures="0">
  <properties>
[...]
</properties>
  <testcase name="Flight book from Bhubaneswar to Delhi" classname="Flight booking feature" time="0.029">
    <system-out><![CDATA[
@Regression
&amp#27;[1mScenario:&amp#27;[22m Flight book from Bhubaneswar to Delhi                              &amp#27;[90m# file:///home/rocky/Documents/CucumberBDDFramework/src/test/resources/AppFeatures/flight_book.feature:4&amp#27;[39m
Step 1 : Flight book page launched and the flight chosen is : Indigo
  &amp#27;[32m✔&amp#27;[39m &amp#27;[32m&amp#27;[1mGiven &amp#27;[22mUser has launched the flight booking page of &amp#27;[1m"Indigo"&amp#27;[22m&amp#27;[39m              &amp#27;[90m# StepDefinitions.FlightBook.userHasLaunchedTheFlightBookingPageOf(java.lang.String)&amp#27;[39m
Step 2 : Flight booking is under progress where the origin is Bhubaneswar and the destination is Delhi
  &amp#27;[32m✔&amp#27;[39m &amp#27;[32m&amp#27;[1mWhen &amp#27;[22mUser selects the origin as &amp#27;[1m"Bhubaneswar"&amp#27;[22m and destination as &amp#27;[1m"Delhi"&amp#27;[22m&amp#27;[39m &amp#27;[90m# StepDefinitions.FlightBook.userSelectsTheOriginAsAndDestinationAs(java.lang.String,java.lang.String)&amp#27;[39m
User will pay Rs. 3000
  &amp#27;[32m✔&amp#27;[39m &amp#27;[32m&amp#27;[1mThen &amp#27;[22mUser should be able to pay Rs. &amp#27;[1m3000&amp#27;[22m&amp#27;[39m                                 &amp#27;[90m# StepDefinitions.FlightBook.userShouldBeAbleToPayRs(int)&amp#27;[39m
]]></system-out>
  </testcase>
  <testcase name="Flight book from Mumbai to Delhi" classname="Flight booking feature" time="0.008">
    <system-out><![CDATA[
@Regression
&amp#27;[1mScenario:&amp#27;[22m Flight book from Mumbai to Delhi                              &amp#27;[90m# file:///home/rocky/Documents/CucumberBDDFramework/src/test/resources/AppFeatures/flight_book.feature:10&amp#27;[39m
Step 1 : Flight book page launched and the flight chosen is : Air India
  &amp#27;[32m✔&amp#27;[39m &amp#27;[32m&amp#27;[1mGiven &amp#27;[22mUser has launched the flight booking page of &amp#27;[1m"Air India"&amp#27;[22m&amp#27;[39m      &amp#27;[90m# StepDefinitions.FlightBook.userHasLaunchedTheFlightBookingPageOf(java.lang.String)&amp#27;[39m
Step 2 : Flight booking is under progress where the origin is Mumbai and the destination is Delhi
  &amp#27;[32m✔&amp#27;[39m &amp#27;[32m&amp#27;[1mWhen &amp#27;[22mUser selects the origin as &amp#27;[1m"Mumbai"&amp#27;[22m and destination as &amp#27;[1m"Delhi"&amp#27;[22m&amp#27;[39m &amp#27;[90m# StepDefinitions.FlightBook.userSelectsTheOriginAsAndDestinationAs(java.lang.String,java.lang.String)&amp#27;[39m
User will pay Rs. 5000
  &amp#27;[32m✔&amp#27;[39m &amp#27;[32m&amp#27;[1mThen &amp#27;[22mUser should be able to pay Rs. &amp#27;[1m5000&amp#27;[22m&amp#27;[39m                            &amp#27;[90m# StepDefinitions.FlightBook.userShouldBeAbleToPayRs(int)&amp#27;[39m
]]></system-out>
  </testcase>
  <testcase name="Flight book from Mumbai to Chennai" classname="Flight booking feature" time="0.007">
    <system-out><![CDATA[
@Regression
&amp#27;[1mScenario:&amp#27;[22m Flight book from Mumbai to Chennai                              &amp#27;[90m# file:///home/rocky/Documents/CucumberBDDFramework/src/test/resources/AppFeatures/flight_book.feature:16&amp#27;[39m
Step 1 : Flight book page launched and the flight chosen is : Spicejet
  &amp#27;[32m✔&amp#27;[39m &amp#27;[32m&amp#27;[1mGiven &amp#27;[22mUser has launched the flight booking page of &amp#27;[1m"Spicejet"&amp#27;[22m&amp#27;[39m         &amp#27;[90m# StepDefinitions.FlightBook.userHasLaunchedTheFlightBookingPageOf(java.lang.String)&amp#27;[39m
Step 2 : Flight booking is under progress where the origin is Mumbai and the destination is Chennai
  &amp#27;[32m✔&amp#27;[39m &amp#27;[32m&amp#27;[1mWhen &amp#27;[22mUser selects the origin as &amp#27;[1m"Mumbai"&amp#27;[22m and destination as &amp#27;[1m"Chennai"&amp#27;[22m&amp#27;[39m &amp#27;[90m# StepDefinitions.FlightBook.userSelectsTheOriginAsAndDestinationAs(java.lang.String,java.lang.String)&amp#27;[39m
User will pay Rs. 7000
  &amp#27;[32m✔&amp#27;[39m &amp#27;[32m&amp#27;[1mThen &amp#27;[22mUser should be able to pay Rs. &amp#27;[1m7000&amp#27;[22m&amp#27;[39m                              &amp#27;[90m# StepDefinitions.FlightBook.userShouldBeAbleToPayRs(int)&amp#27;[39m
]]></system-out>
  </testcase>
</testsuite>